0 info it worked if it ends with ok
1 verbose cli [ '/usr/local/bin/node', '/usr/local/bin/npm', 'publish' ]
2 info using npm@3.6.0
3 info using node@v5.7.1
4 verbose publish [ '.' ]
5 silly cache add args [ '.', null ]
6 verbose cache add spec .
7 silly cache add parsed spec Result {
7 silly cache add   raw: '.',
7 silly cache add   scope: null,
7 silly cache add   name: null,
7 silly cache add   rawSpec: '.',
7 silly cache add   spec: '/home/pi/dev/homebridge-httplock',
7 silly cache add   type: 'directory' }
8 verbose addLocalDirectory /home/pi/.npm/homebridge-httplock/0.0.9/package.tgz not in flight; packing
9 verbose correctMkdir /home/pi/.npm correctMkdir not in flight; initializing
10 info lifecycle homebridge-httplock@0.0.9~prepublish: homebridge-httplock@0.0.9
11 silly lifecycle homebridge-httplock@0.0.9~prepublish: no script for prepublish, continuing
12 verbose tar pack [ '/home/pi/.npm/homebridge-httplock/0.0.9/package.tgz',
12 verbose tar pack   '/home/pi/dev/homebridge-httplock' ]
13 verbose tarball /home/pi/.npm/homebridge-httplock/0.0.9/package.tgz
14 verbose folder /home/pi/dev/homebridge-httplock
15 verbose addLocalTarball adding from inside cache /home/pi/.npm/homebridge-httplock/0.0.9/package.tgz
16 verbose correctMkdir /home/pi/.npm correctMkdir not in flight; initializing
17 silly cache afterAdd homebridge-httplock@0.0.9
18 verbose afterAdd /home/pi/.npm/homebridge-httplock/0.0.9/package/package.json not in flight; writing
19 verbose correctMkdir /home/pi/.npm correctMkdir not in flight; initializing
20 verbose afterAdd /home/pi/.npm/homebridge-httplock/0.0.9/package/package.json written
21 silly publish { name: 'homebridge-httplock',
21 silly publish   version: '0.0.9',
21 silly publish   description: 'HTTP controlled lock accessory plugin for Homebridge',
21 silly publish   author: { name: 'campbellinos@gmail.com' },
21 silly publish   keywords: [ 'homebridge-plugin' ],
21 silly publish   repository:
21 silly publish    { type: 'git',
21 silly publish      url: 'git+https://github.com/campbellinos/homebridge-httplock.git' },
21 silly publish   engines: { node: '>=0.12.0', homebridge: '>=0.2.0' },
21 silly publish   dependencies: { request: '2.49.x' },
21 silly publish   readme: '# Httplock Plugin\r\n\r\nExample config.json:\r\n\r\n    {\r\n      "accessories": [\r\n        {\r\n            "accessory": "Httplock",\r\n            "name": "Front Door",\r\n            "url": "your-custom-or-homegrown-service-url",\r\n\t\t\t"lock-id": "1",\r\n            "username" : "your-username",\r\n\t\t\t"password" : "your-password"\r\n        }\r\n      ]\r\n    }\r\n\r\nThis plugin supports locks controlled by any custom HTTP endpoint via GET (to get state, either "locked" or "unlocked"), and PUT (to set new state, same possible values). The "lock-id", "username" and "password" parameters are passed along to "url" in each GET request. The same parameters plus "state" are passed along to "url" in each PUT request.',
21 silly publish   readmeFilename: 'README.md',
21 silly publish   gitHead: 'dbce4a9fb96a7c69a8633e2974b310e280d4a59c',
21 silly publish   bugs: { url: 'https://github.com/campbellinos/homebridge-httplock/issues' },
21 silly publish   homepage: 'https://github.com/campbellinos/homebridge-httplock#readme',
21 silly publish   _id: 'homebridge-httplock@0.0.9',
21 silly publish   scripts: {},
21 silly publish   _shasum: '82c076ef70b987460fc29a54cd95a9ec206e3a9d',
21 silly publish   _from: '.' }
22 verbose getPublishConfig undefined
23 silly mapToRegistry name homebridge-httplock
24 silly mapToRegistry using default registry
25 silly mapToRegistry registry https://registry.npmjs.org/
26 silly mapToRegistry uri https://registry.npmjs.org/homebridge-httplock
27 verbose publish registryBase https://registry.npmjs.org/
28 silly publish uploading /home/pi/.npm/homebridge-httplock/0.0.9/package.tgz
29 verbose request uri https://registry.npmjs.org/homebridge-httplock
30 verbose request sending authorization for write operation
31 info attempt registry request try #1 at 8:59:33 PM
32 verbose request using bearer token for auth
33 verbose request id 3da4d359c25929b0
34 http request PUT https://registry.npmjs.org/homebridge-httplock
35 http 403 https://registry.npmjs.org/homebridge-httplock
36 verbose headers { 'content-type': 'application/json',
36 verbose headers   'cache-control': 'max-age=300',
36 verbose headers   'content-length': '95',
36 verbose headers   'accept-ranges': 'bytes',
36 verbose headers   date: 'Sun, 20 Mar 2016 01:59:36 GMT',
36 verbose headers   via: '1.1 varnish',
36 verbose headers   connection: 'keep-alive',
36 verbose headers   'x-served-by': 'cache-dfw1835-DFW',
36 verbose headers   'x-cache': 'MISS',
36 verbose headers   'x-cache-hits': '0',
36 verbose headers   'x-timer': 'S1458439175.583272,VS0,VE1204' }
37 verbose request invalidating /home/pi/.npm/registry.npmjs.org/homebridge-httplock on PUT
38 error publish Failed PUT 403
39 verbose stack Error: "You cannot publish over the previously published version 0.0.9." : homebridge-httplock
39 verbose stack     at makeError (/usr/local/lib/node_modules/npm/node_modules/npm-registry-client/lib/request.js:264:12)
39 verbose stack     at CachingRegistryClient.<anonymous> (/usr/local/lib/node_modules/npm/node_modules/npm-registry-client/lib/request.js:252:14)
39 verbose stack     at Request._callback (/usr/local/lib/node_modules/npm/node_modules/npm-registry-client/lib/request.js:172:14)
39 verbose stack     at Request.self.callback (/usr/local/lib/node_modules/npm/node_modules/request/request.js:198:22)
39 verbose stack     at emitTwo (events.js:100:13)
39 verbose stack     at Request.emit (events.js:185:7)
39 verbose stack     at Request.<anonymous> (/usr/local/lib/node_modules/npm/node_modules/request/request.js:1035:10)
39 verbose stack     at emitOne (events.js:95:20)
39 verbose stack     at Request.emit (events.js:182:7)
39 verbose stack     at IncomingMessage.<anonymous> (/usr/local/lib/node_modules/npm/node_modules/request/request.js:962:12)
40 verbose statusCode 403
41 verbose pkgid homebridge-httplock
42 verbose cwd /home/pi/dev/homebridge-httplock
43 error Linux 4.1.18+
44 error argv "/usr/local/bin/node" "/usr/local/bin/npm" "publish"
45 error node v5.7.1
46 error npm  v3.6.0
47 error code E403
48 error "You cannot publish over the previously published version 0.0.9." : homebridge-httplock
49 error If you need help, you may report this error at:
49 error     <https://github.com/npm/npm/issues>
50 verbose exit [ 1, true ]
